[SpringContextShutdownHook] INFO o.e.jetty.server.AbstractConnector - Stopped ServerConnector@64f517b6{HTTP/1.1,[http/1.1]}{0.0.0.0:10066}
[SpringContextShutdownHook] INFO org.eclipse.jetty.server.session - node0 Stopped scavenging
[SpringContextShutdownHook] INFO o.e.j.s.h.C.application - Destroying Spring FrameworkServlet 'dispatcherServlet'
[SpringContextShutdownHook] INFO o.e.j.server.handler.ContextHandler - Stopped o.s.b.w.e.j.JettyEmbeddedWebAppContext@3f6c752b{application,/,[file:///tmp/jetty-docbase.11046966906003090193.10066/],UNAVAILABLE}
[SpringContextShutdownHook] WARN o.s.b.f.s.DisposableBeanAdapter - Destroy method 'shutdown' on bean with name 'redisSubscribeHandler' threw an exception: java.lang.NoClassDefFoundError: com/docker/storage/redis/MyRedisPubSubAdapter
[SpringContextShutdownHook] INFO  - $$time:: 2020-12-31 11:06:38,442 $$tag:: OUM [I will shutdown!!!] $$env:: China
[SpringContextShutdownHook] INFO  - $$time:: 2020-12-31 11:06:38,452 $$tag:: RPCMessageSendingTask [RPCMessageSendingTask is shutting down, 0 is still left. ] $$env:: China
[SpringContextShutdownHook] INFO  - $$time:: 2020-12-31 11:06:38,453 $$tag:: OfflineMessageSavingTask [OfflineMessageSavingTask is shutting down, 0 is still left. ] $$env:: China
[SpringContextShutdownHook] INFO  - $$time:: 2020-12-31 11:06:38,455 $$tag:: OnlineServer [OnlineServer zBMDY2 is shutting down] $$env:: China
[SpringContextShutdownHook] WARN o.s.b.f.s.DisposableBeanAdapter - Destroy method 'shutdown' on bean with name 'onlineServer' threw an exception: java.lang.NoClassDefFoundError: com/docker/storage/cache/CacheStorageFactory
[main] INFO c.container.ContainerApplication - Starting ContainerApplication on ll with PID 28941 (/home/lick/projects/Oceanus/container/target/classes started by lick in /home/lick/projects/Oceanus)
[main] INFO c.container.ContainerApplication - No active profile set, falling back to default profiles: default
[main] INFO o.s.c.a.ConfigurationClassEnhancer - @Bean method TcpBean.customEditorConfigurer is non-static and returns an object assignable to Spring's BeanFactoryPostProcessor interface. This will result in a failure to process annotations such as @Autowired, @Resource and @PostConstruct within the method's declaring @Configuration class. Add the 'static' modifier to this method to avoid these container lifecycle issues; see @Bean javadoc for complete details.
[main] INFO org.eclipse.jetty.util.log - Logging initialized @8917ms to org.eclipse.jetty.util.log.Slf4jLog
[main] INFO o.s.b.w.e.j.JettyServletWebServerFactory - Server initialized with port: 10066
[main] INFO org.eclipse.jetty.server.Server - jetty-9.4.31.v20200723; built: 2020-07-23T17:57:36.812Z; git: 450ba27947e13e66baa8cd1ce7e85a4461cacc1d; jvm 11.0.4+10-b304.69
[main] INFO o.e.j.s.h.C.application - Initializing Spring embedded WebApplicationContext
[main] INFO o.s.b.w.s.c.ServletWebServerApplicationContext - Root WebApplicationContext: initialization completed in 5322 ms
[main] INFO org.eclipse.jetty.server.session - DefaultSessionIdManager workerName=node0
[main] INFO org.eclipse.jetty.server.session - No SessionScavenger set, using defaults
[main] INFO org.eclipse.jetty.server.session - node0 Scavenging every 660000ms
[main] INFO o.e.j.server.handler.ContextHandler - Started o.s.b.w.e.j.JettyEmbeddedWebAppContext@12bcfd07{application,/,[file:///tmp/jetty-docbase.8517341801480552311.10066/],AVAILABLE}
[main] INFO org.eclipse.jetty.server.Server - Started @9124ms
[main] WARN o.s.b.w.s.c.AnnotationConfigServletWebServerApplicationContext - Exception encountered during context initialization - cancelling refresh attempt: org.springframework.beans.factory.UnsatisfiedDependencyException: Error creating bean with name 'initContainer': Unsatisfied dependency expressed through field 'tcpIoAcceptor'; nested exception is org.springframework.beans.factory.BeanCreationException: Error creating bean with name 'tcpIoAcceptor' defined in class path resource [container/container/bean/TcpBean.class]: Bean instantiation via factory method failed; nested exception is org.springframework.beans.BeanInstantiationException: Failed to instantiate [org.apache.mina.transport.socket.nio.NioSocketAcceptorEx]: Factory method 'tcpIoAcceptor' threw exception; nested exception is java.lang.NullPointerException
[main] INFO org.eclipse.jetty.server.session - node0 Stopped scavenging
[main] INFO o.e.j.server.handler.ContextHandler - Stopped o.s.b.w.e.j.JettyEmbeddedWebAppContext@12bcfd07{application,/,[file:///tmp/jetty-docbase.8517341801480552311.10066/],UNAVAILABLE}
[main] ERROR o.s.boot.SpringApplication - Application run failed
org.springframework.beans.factory.UnsatisfiedDependencyException: Error creating bean with name 'initContainer': Unsatisfied dependency expressed through field 'tcpIoAcceptor'; nested exception is org.springframework.beans.factory.BeanCreationException: Error creating bean with name 'tcpIoAcceptor' defined in class path resource [container/container/bean/TcpBean.class]: Bean instantiation via factory method failed; nested exception is org.springframework.beans.BeanInstantiationException: Failed to instantiate [org.apache.mina.transport.socket.nio.NioSocketAcceptorEx]: Factory method 'tcpIoAcceptor' threw exception; nested exception is java.lang.NullPointerException
	at org.springframework.beans.factory.annotation.AutowiredAnnotationBeanPostProcessor$AutowiredFieldElement.inject(AutowiredAnnotationBeanPostProcessor.java:643)
	at org.springframework.beans.factory.annotation.InjectionMetadata.inject(InjectionMetadata.java:130)
	at org.springframework.beans.factory.annotation.AutowiredAnnotationBeanPostProcessor.postProcessProperties(AutowiredAnnotationBeanPostProcessor.java:399)
	at org.springframework.beans.factory.support.AbstractAutowireCapableBeanFactory.populateBean(AbstractAutowireCapableBeanFactory.java:1420)
	at org.springframework.beans.factory.support.AbstractAutowireCapableBeanFactory.doCreateBean(AbstractAutowireCapableBeanFactory.java:593)
	at org.springframework.beans.factory.support.AbstractAutowireCapableBeanFactory.createBean(AbstractAutowireCapableBeanFactory.java:516)
	at org.springframework.beans.factory.support.AbstractBeanFactory.lambda$doGetBean$0(AbstractBeanFactory.java:324)
	at org.springframework.beans.factory.support.DefaultSingletonBeanRegistry.getSingleton(DefaultSingletonBeanRegistry.java:234)
	at org.springframework.beans.factory.support.AbstractBeanFactory.doGetBean(AbstractBeanFactory.java:322)
	at org.springframework.beans.factory.support.AbstractBeanFactory.getBean(AbstractBeanFactory.java:202)
	at org.springframework.beans.factory.support.DefaultListableBeanFactory.preInstantiateSingletons(DefaultListableBeanFactory.java:897)
	at org.springframework.context.support.AbstractApplicationContext.finishBeanFactoryInitialization(AbstractApplicationContext.java:879)
	at org.springframework.context.support.AbstractApplicationContext.refresh(AbstractApplicationContext.java:551)
	at org.springframework.boot.web.servlet.context.ServletWebServerApplicationContext.refresh(ServletWebServerApplicationContext.java:143)
	at org.springframework.boot.SpringApplication.refresh(SpringApplication.java:758)
	at org.springframework.boot.SpringApplication.refresh(SpringApplication.java:750)
	at org.springframework.boot.SpringApplication.refreshContext(SpringApplication.java:397)
	at org.springframework.boot.SpringApplication.run(SpringApplication.java:315)
	at org.springframework.boot.SpringApplication.run(SpringApplication.java:1237)
	at org.springframework.boot.SpringApplication.run(SpringApplication.java:1226)
	at container.container.ContainerApplication.main(ContainerApplication.java:71)
Caused by: org.springframework.beans.factory.BeanCreationException: Error creating bean with name 'tcpIoAcceptor' defined in class path resource [container/container/bean/TcpBean.class]: Bean instantiation via factory method failed; nested exception is org.springframework.beans.BeanInstantiationException: Failed to instantiate [org.apache.mina.transport.socket.nio.NioSocketAcceptorEx]: Factory method 'tcpIoAcceptor' threw exception; nested exception is java.lang.NullPointerException
	at org.springframework.beans.factory.support.ConstructorResolver.instantiate(ConstructorResolver.java:655)
	at org.springframework.beans.factory.support.ConstructorResolver.instantiateUsingFactoryMethod(ConstructorResolver.java:483)
	at org.springframework.beans.factory.support.AbstractAutowireCapableBeanFactory.instantiateUsingFactoryMethod(AbstractAutowireCapableBeanFactory.java:1336)
	at org.springframework.beans.factory.support.AbstractAutowireCapableBeanFactory.createBeanInstance(AbstractAutowireCapableBeanFactory.java:1176)
	at org.springframework.beans.factory.support.AbstractAutowireCapableBeanFactory.doCreateBean(AbstractAutowireCapableBeanFactory.java:556)
	at org.springframework.beans.factory.support.AbstractAutowireCapableBeanFactory.createBean(AbstractAutowireCapableBeanFactory.java:516)
	at org.springframework.beans.factory.support.AbstractBeanFactory.lambda$doGetBean$0(AbstractBeanFactory.java:324)
	at org.springframework.beans.factory.support.DefaultSingletonBeanRegistry.getSingleton(DefaultSingletonBeanRegistry.java:234)
	at org.springframework.beans.factory.support.AbstractBeanFactory.doGetBean(AbstractBeanFactory.java:322)
	at org.springframework.beans.factory.support.AbstractBeanFactory.getBean(AbstractBeanFactory.java:202)
	at org.springframework.beans.factory.config.DependencyDescriptor.resolveCandidate(DependencyDescriptor.java:276)
	at org.springframework.beans.factory.support.DefaultListableBeanFactory.doResolveDependency(DefaultListableBeanFactory.java:1307)
	at org.springframework.beans.factory.support.DefaultListableBeanFactory.resolveDependency(DefaultListableBeanFactory.java:1227)
	at org.springframework.beans.factory.annotation.AutowiredAnnotationBeanPostProcessor$AutowiredFieldElement.inject(AutowiredAnnotationBeanPostProcessor.java:640)
	... 20 common frames omitted
Caused by: org.springframework.beans.BeanInstantiationException: Failed to instantiate [org.apache.mina.transport.socket.nio.NioSocketAcceptorEx]: Factory method 'tcpIoAcceptor' threw exception; nested exception is java.lang.NullPointerException
	at org.springframework.beans.factory.support.SimpleInstantiationStrategy.instantiate(SimpleInstantiationStrategy.java:185)
	at org.springframework.beans.factory.support.ConstructorResolver.instantiate(ConstructorResolver.java:650)
	... 33 common frames omitted
Caused by: java.lang.NullPointerException: null
	at container.container.bean.BeanApp.getTcpIoAcceptor(BeanApp.java:30)
	at container.container.bean.TcpBean.tcpIoAcceptor(TcpBean.java:67)
	at container.container.bean.TcpBean$$EnhancerBySpringCGLIB$$b7873bb6.CGLIB$tcpIoAcceptor$19(<generated>)
	at container.container.bean.TcpBean$$EnhancerBySpringCGLIB$$b7873bb6$$FastClassBySpringCGLIB$$46c0bd63.invoke(<generated>)
	at org.springframework.cglib.proxy.MethodProxy.invokeSuper(MethodProxy.java:244)
	at org.springframework.context.annotation.ConfigurationClassEnhancer$BeanMethodInterceptor.intercept(ConfigurationClassEnhancer.java:331)
	at container.container.bean.TcpBean$$EnhancerBySpringCGLIB$$b7873bb6.tcpIoAcceptor(<generated>)
	at java.base/jdk.internal.reflect.NativeMethodAccessorImpl.invoke0(Native Method)
	at java.base/jdk.internal.reflect.NativeMethodAccessorImpl.invoke(NativeMethodAccessorImpl.java:62)
	at java.base/jdk.internal.reflect.DelegatingMethodAccessorImpl.invoke(DelegatingMethodAccessorImpl.java:43)
	at java.base/java.lang.reflect.Method.invoke(Method.java:566)
	at org.springframework.beans.factory.support.SimpleInstantiationStrategy.instantiate(SimpleInstantiationStrategy.java:154)
	... 34 common frames omitted
[main] INFO c.container.ContainerApplication - Starting ContainerApplication on ll with PID 32240 (/home/lick/projects/Oceanus/container/target/classes started by lick in /home/lick/projects/Oceanus)
[main] INFO c.container.ContainerApplication - No active profile set, falling back to default profiles: default
[main] INFO o.s.c.a.ConfigurationClassEnhancer - @Bean method TcpBean.customEditorConfigurer is non-static and returns an object assignable to Spring's BeanFactoryPostProcessor interface. This will result in a failure to process annotations such as @Autowired, @Resource and @PostConstruct within the method's declaring @Configuration class. Add the 'static' modifier to this method to avoid these container lifecycle issues; see @Bean javadoc for complete details.
[main] INFO org.eclipse.jetty.util.log - Logging initialized @4292ms to org.eclipse.jetty.util.log.Slf4jLog
[main] INFO o.s.b.w.e.j.JettyServletWebServerFactory - Server initialized with port: 10066
[main] INFO org.eclipse.jetty.server.Server - jetty-9.4.31.v20200723; built: 2020-07-23T17:57:36.812Z; git: 450ba27947e13e66baa8cd1ce7e85a4461cacc1d; jvm 11.0.4+10-b304.69
[main] INFO o.e.j.s.h.C.application - Initializing Spring embedded WebApplicationContext
[main] INFO o.s.b.w.s.c.ServletWebServerApplicationContext - Root WebApplicationContext: initialization completed in 2218 ms
[main] INFO org.eclipse.jetty.server.session - DefaultSessionIdManager workerName=node0
[main] INFO org.eclipse.jetty.server.session - No SessionScavenger set, using defaults
[main] INFO org.eclipse.jetty.server.session - node0 Scavenging every 660000ms
[main] INFO o.e.j.server.handler.ContextHandler - Started o.s.b.w.e.j.JettyEmbeddedWebAppContext@34d9d20b{application,/,[file:///tmp/jetty-docbase.10565619183955505927.10066/],AVAILABLE}
[main] INFO org.eclipse.jetty.server.Server - Started @4441ms
[main] WARN o.s.b.w.s.c.AnnotationConfigServletWebServerApplicationContext - Exception encountered during context initialization - cancelling refresh attempt: org.springframework.beans.factory.UnsatisfiedDependencyException: Error creating bean with name 'initContainer': Unsatisfied dependency expressed through field 'tcpIoAcceptor'; nested exception is org.springframework.beans.factory.BeanCreationException: Error creating bean with name 'tcpIoAcceptor' defined in class path resource [container/container/bean/TcpBean.class]: Bean instantiation via factory method failed; nested exception is org.springframework.beans.BeanInstantiationException: Failed to instantiate [org.apache.mina.transport.socket.nio.NioSocketAcceptorEx]: Factory method 'tcpIoAcceptor' threw exception; nested exception is java.lang.NullPointerException
[main] INFO org.eclipse.jetty.server.session - node0 Stopped scavenging
[main] INFO o.e.j.server.handler.ContextHandler - Stopped o.s.b.w.e.j.JettyEmbeddedWebAppContext@34d9d20b{application,/,[file:///tmp/jetty-docbase.10565619183955505927.10066/],UNAVAILABLE}
[main] ERROR o.s.boot.SpringApplication - Application run failed
org.springframework.beans.factory.UnsatisfiedDependencyException: Error creating bean with name 'initContainer': Unsatisfied dependency expressed through field 'tcpIoAcceptor'; nested exception is org.springframework.beans.factory.BeanCreationException: Error creating bean with name 'tcpIoAcceptor' defined in class path resource [container/container/bean/TcpBean.class]: Bean instantiation via factory method failed; nested exception is org.springframework.beans.BeanInstantiationException: Failed to instantiate [org.apache.mina.transport.socket.nio.NioSocketAcceptorEx]: Factory method 'tcpIoAcceptor' threw exception; nested exception is java.lang.NullPointerException
	at org.springframework.beans.factory.annotation.AutowiredAnnotationBeanPostProcessor$AutowiredFieldElement.inject(AutowiredAnnotationBeanPostProcessor.java:643)
	at org.springframework.beans.factory.annotation.InjectionMetadata.inject(InjectionMetadata.java:130)
	at org.springframework.beans.factory.annotation.AutowiredAnnotationBeanPostProcessor.postProcessProperties(AutowiredAnnotationBeanPostProcessor.java:399)
	at org.springframework.beans.factory.support.AbstractAutowireCapableBeanFactory.populateBean(AbstractAutowireCapableBeanFactory.java:1420)
	at org.springframework.beans.factory.support.AbstractAutowireCapableBeanFactory.doCreateBean(AbstractAutowireCapableBeanFactory.java:593)
	at org.springframework.beans.factory.support.AbstractAutowireCapableBeanFactory.createBean(AbstractAutowireCapableBeanFactory.java:516)
	at org.springframework.beans.factory.support.AbstractBeanFactory.lambda$doGetBean$0(AbstractBeanFactory.java:324)
	at org.springframework.beans.factory.support.DefaultSingletonBeanRegistry.getSingleton(DefaultSingletonBeanRegistry.java:234)
	at org.springframework.beans.factory.support.AbstractBeanFactory.doGetBean(AbstractBeanFactory.java:322)
	at org.springframework.beans.factory.support.AbstractBeanFactory.getBean(AbstractBeanFactory.java:202)
	at org.springframework.beans.factory.support.DefaultListableBeanFactory.preInstantiateSingletons(DefaultListableBeanFactory.java:897)
	at org.springframework.context.support.AbstractApplicationContext.finishBeanFactoryInitialization(AbstractApplicationContext.java:879)
	at org.springframework.context.support.AbstractApplicationContext.refresh(AbstractApplicationContext.java:551)
	at org.springframework.boot.web.servlet.context.ServletWebServerApplicationContext.refresh(ServletWebServerApplicationContext.java:143)
	at org.springframework.boot.SpringApplication.refresh(SpringApplication.java:758)
	at org.springframework.boot.SpringApplication.refresh(SpringApplication.java:750)
	at org.springframework.boot.SpringApplication.refreshContext(SpringApplication.java:397)
	at org.springframework.boot.SpringApplication.run(SpringApplication.java:315)
	at org.springframework.boot.SpringApplication.run(SpringApplication.java:1237)
	at org.springframework.boot.SpringApplication.run(SpringApplication.java:1226)
	at container.container.ContainerApplication.main(ContainerApplication.java:71)
Caused by: org.springframework.beans.factory.BeanCreationException: Error creating bean with name 'tcpIoAcceptor' defined in class path resource [container/container/bean/TcpBean.class]: Bean instantiation via factory method failed; nested exception is org.springframework.beans.BeanInstantiationException: Failed to instantiate [org.apache.mina.transport.socket.nio.NioSocketAcceptorEx]: Factory method 'tcpIoAcceptor' threw exception; nested exception is java.lang.NullPointerException
	at org.springframework.beans.factory.support.ConstructorResolver.instantiate(ConstructorResolver.java:655)
	at org.springframework.beans.factory.support.ConstructorResolver.instantiateUsingFactoryMethod(ConstructorResolver.java:483)
	at org.springframework.beans.factory.support.AbstractAutowireCapableBeanFactory.instantiateUsingFactoryMethod(AbstractAutowireCapableBeanFactory.java:1336)
	at org.springframework.beans.factory.support.AbstractAutowireCapableBeanFactory.createBeanInstance(AbstractAutowireCapableBeanFactory.java:1176)
	at org.springframework.beans.factory.support.AbstractAutowireCapableBeanFactory.doCreateBean(AbstractAutowireCapableBeanFactory.java:556)
	at org.springframework.beans.factory.support.AbstractAutowireCapableBeanFactory.createBean(AbstractAutowireCapableBeanFactory.java:516)
	at org.springframework.beans.factory.support.AbstractBeanFactory.lambda$doGetBean$0(AbstractBeanFactory.java:324)
	at org.springframework.beans.factory.support.DefaultSingletonBeanRegistry.getSingleton(DefaultSingletonBeanRegistry.java:234)
	at org.springframework.beans.factory.support.AbstractBeanFactory.doGetBean(AbstractBeanFactory.java:322)
	at org.springframework.beans.factory.support.AbstractBeanFactory.getBean(AbstractBeanFactory.java:202)
	at org.springframework.beans.factory.config.DependencyDescriptor.resolveCandidate(DependencyDescriptor.java:276)
	at org.springframework.beans.factory.support.DefaultListableBeanFactory.doResolveDependency(DefaultListableBeanFactory.java:1307)
	at org.springframework.beans.factory.support.DefaultListableBeanFactory.resolveDependency(DefaultListableBeanFactory.java:1227)
	at org.springframework.beans.factory.annotation.AutowiredAnnotationBeanPostProcessor$AutowiredFieldElement.inject(AutowiredAnnotationBeanPostProcessor.java:640)
	... 20 common frames omitted
Caused by: org.springframework.beans.BeanInstantiationException: Failed to instantiate [org.apache.mina.transport.socket.nio.NioSocketAcceptorEx]: Factory method 'tcpIoAcceptor' threw exception; nested exception is java.lang.NullPointerException
	at org.springframework.beans.factory.support.SimpleInstantiationStrategy.instantiate(SimpleInstantiationStrategy.java:185)
	at org.springframework.beans.factory.support.ConstructorResolver.instantiate(ConstructorResolver.java:650)
	... 33 common frames omitted
Caused by: java.lang.NullPointerException: null
	at container.container.bean.BeanApp.getTcpIoAcceptor(BeanApp.java:30)
	at container.container.bean.TcpBean.tcpIoAcceptor(TcpBean.java:67)
	at container.container.bean.TcpBean$$EnhancerBySpringCGLIB$$2dafb9bc.CGLIB$tcpIoAcceptor$0(<generated>)
	at container.container.bean.TcpBean$$EnhancerBySpringCGLIB$$2dafb9bc$$FastClassBySpringCGLIB$$61a283db.invoke(<generated>)
	at org.springframework.cglib.proxy.MethodProxy.invokeSuper(MethodProxy.java:244)
	at org.springframework.context.annotation.ConfigurationClassEnhancer$BeanMethodInterceptor.intercept(ConfigurationClassEnhancer.java:331)
	at container.container.bean.TcpBean$$EnhancerBySpringCGLIB$$2dafb9bc.tcpIoAcceptor(<generated>)
	at java.base/jdk.internal.reflect.NativeMethodAccessorImpl.invoke0(Native Method)
	at java.base/jdk.internal.reflect.NativeMethodAccessorImpl.invoke(NativeMethodAccessorImpl.java:62)
	at java.base/jdk.internal.reflect.DelegatingMethodAccessorImpl.invoke(DelegatingMethodAccessorImpl.java:43)
	at java.base/java.lang.reflect.Method.invoke(Method.java:566)
	at org.springframework.beans.factory.support.SimpleInstantiationStrategy.instantiate(SimpleInstantiationStrategy.java:154)
	... 34 common frames omitted
[main] INFO c.container.ContainerApplication - Starting ContainerApplication on ll with PID 364 (/home/lick/projects/Oceanus/container/target/classes started by lick in /home/lick/projects/Oceanus)
[main] INFO c.container.ContainerApplication - No active profile set, falling back to default profiles: default
[main] INFO o.s.c.a.ConfigurationClassEnhancer - @Bean method TcpBean.customEditorConfigurer is non-static and returns an object assignable to Spring's BeanFactoryPostProcessor interface. This will result in a failure to process annotations such as @Autowired, @Resource and @PostConstruct within the method's declaring @Configuration class. Add the 'static' modifier to this method to avoid these container lifecycle issues; see @Bean javadoc for complete details.
[main] INFO org.eclipse.jetty.util.log - Logging initialized @3948ms to org.eclipse.jetty.util.log.Slf4jLog
[main] INFO o.s.b.w.e.j.JettyServletWebServerFactory - Server initialized with port: 10066
[main] INFO org.eclipse.jetty.server.Server - jetty-9.4.31.v20200723; built: 2020-07-23T17:57:36.812Z; git: 450ba27947e13e66baa8cd1ce7e85a4461cacc1d; jvm 11.0.4+10-b304.69
[main] INFO o.e.j.s.h.C.application - Initializing Spring embedded WebApplicationContext
[main] INFO o.s.b.w.s.c.ServletWebServerApplicationContext - Root WebApplicationContext: initialization completed in 2202 ms
[main] INFO org.eclipse.jetty.server.session - DefaultSessionIdManager workerName=node0
[main] INFO org.eclipse.jetty.server.session - No SessionScavenger set, using defaults
[main] INFO org.eclipse.jetty.server.session - node0 Scavenging every 660000ms
[main] INFO o.e.j.server.handler.ContextHandler - Started o.s.b.w.e.j.JettyEmbeddedWebAppContext@10af5c2{application,/,[file:///tmp/jetty-docbase.142975852984586258.10066/],AVAILABLE}
[main] INFO org.eclipse.jetty.server.Server - Started @4122ms
[main] WARN o.s.b.w.s.c.AnnotationConfigServletWebServerApplicationContext - Exception encountered during context initialization - cancelling refresh attempt: org.springframework.beans.factory.UnsatisfiedDependencyException: Error creating bean with name 'initContainer': Unsatisfied dependency expressed through field 'tcpIoAcceptor'; nested exception is org.springframework.beans.factory.BeanCreationException: Error creating bean with name 'tcpIoAcceptor' defined in class path resource [container/container/bean/TcpBean.class]: Bean instantiation via factory method failed; nested exception is org.springframework.beans.BeanInstantiationException: Failed to instantiate [org.apache.mina.transport.socket.nio.NioSocketAcceptorEx]: Factory method 'tcpIoAcceptor' threw exception; nested exception is java.lang.NullPointerException
[main] INFO org.eclipse.jetty.server.session - node0 Stopped scavenging
[main] INFO o.e.j.server.handler.ContextHandler - Stopped o.s.b.w.e.j.JettyEmbeddedWebAppContext@10af5c2{application,/,[file:///tmp/jetty-docbase.142975852984586258.10066/],UNAVAILABLE}
[main] ERROR o.s.boot.SpringApplication - Application run failed
org.springframework.beans.factory.UnsatisfiedDependencyException: Error creating bean with name 'initContainer': Unsatisfied dependency expressed through field 'tcpIoAcceptor'; nested exception is org.springframework.beans.factory.BeanCreationException: Error creating bean with name 'tcpIoAcceptor' defined in class path resource [container/container/bean/TcpBean.class]: Bean instantiation via factory method failed; nested exception is org.springframework.beans.BeanInstantiationException: Failed to instantiate [org.apache.mina.transport.socket.nio.NioSocketAcceptorEx]: Factory method 'tcpIoAcceptor' threw exception; nested exception is java.lang.NullPointerException
	at org.springframework.beans.factory.annotation.AutowiredAnnotationBeanPostProcessor$AutowiredFieldElement.inject(AutowiredAnnotationBeanPostProcessor.java:643)
	at org.springframework.beans.factory.annotation.InjectionMetadata.inject(InjectionMetadata.java:130)
	at org.springframework.beans.factory.annotation.AutowiredAnnotationBeanPostProcessor.postProcessProperties(AutowiredAnnotationBeanPostProcessor.java:399)
	at org.springframework.beans.factory.support.AbstractAutowireCapableBeanFactory.populateBean(AbstractAutowireCapableBeanFactory.java:1420)
	at org.springframework.beans.factory.support.AbstractAutowireCapableBeanFactory.doCreateBean(AbstractAutowireCapableBeanFactory.java:593)
	at org.springframework.beans.factory.support.AbstractAutowireCapableBeanFactory.createBean(AbstractAutowireCapableBeanFactory.java:516)
	at org.springframework.beans.factory.support.AbstractBeanFactory.lambda$doGetBean$0(AbstractBeanFactory.java:324)
	at org.springframework.beans.factory.support.DefaultSingletonBeanRegistry.getSingleton(DefaultSingletonBeanRegistry.java:234)
	at org.springframework.beans.factory.support.AbstractBeanFactory.doGetBean(AbstractBeanFactory.java:322)
	at org.springframework.beans.factory.support.AbstractBeanFactory.getBean(AbstractBeanFactory.java:202)
	at org.springframework.beans.factory.support.DefaultListableBeanFactory.preInstantiateSingletons(DefaultListableBeanFactory.java:897)
	at org.springframework.context.support.AbstractApplicationContext.finishBeanFactoryInitialization(AbstractApplicationContext.java:879)
	at org.springframework.context.support.AbstractApplicationContext.refresh(AbstractApplicationContext.java:551)
	at org.springframework.boot.web.servlet.context.ServletWebServerApplicationContext.refresh(ServletWebServerApplicationContext.java:143)
	at org.springframework.boot.SpringApplication.refresh(SpringApplication.java:758)
	at org.springframework.boot.SpringApplication.refresh(SpringApplication.java:750)
	at org.springframework.boot.SpringApplication.refreshContext(SpringApplication.java:397)
	at org.springframework.boot.SpringApplication.run(SpringApplication.java:315)
	at org.springframework.boot.SpringApplication.run(SpringApplication.java:1237)
	at org.springframework.boot.SpringApplication.run(SpringApplication.java:1226)
	at container.container.ContainerApplication.main(ContainerApplication.java:71)
Caused by: org.springframework.beans.factory.BeanCreationException: Error creating bean with name 'tcpIoAcceptor' defined in class path resource [container/container/bean/TcpBean.class]: Bean instantiation via factory method failed; nested exception is org.springframework.beans.BeanInstantiationException: Failed to instantiate [org.apache.mina.transport.socket.nio.NioSocketAcceptorEx]: Factory method 'tcpIoAcceptor' threw exception; nested exception is java.lang.NullPointerException
	at org.springframework.beans.factory.support.ConstructorResolver.instantiate(ConstructorResolver.java:655)
	at org.springframework.beans.factory.support.ConstructorResolver.instantiateUsingFactoryMethod(ConstructorResolver.java:483)
	at org.springframework.beans.factory.support.AbstractAutowireCapableBeanFactory.instantiateUsingFactoryMethod(AbstractAutowireCapableBeanFactory.java:1336)
	at org.springframework.beans.factory.support.AbstractAutowireCapableBeanFactory.createBeanInstance(AbstractAutowireCapableBeanFactory.java:1176)
	at org.springframework.beans.factory.support.AbstractAutowireCapableBeanFactory.doCreateBean(AbstractAutowireCapableBeanFactory.java:556)
	at org.springframework.beans.factory.support.AbstractAutowireCapableBeanFactory.createBean(AbstractAutowireCapableBeanFactory.java:516)
	at org.springframework.beans.factory.support.AbstractBeanFactory.lambda$doGetBean$0(AbstractBeanFactory.java:324)
	at org.springframework.beans.factory.support.DefaultSingletonBeanRegistry.getSingleton(DefaultSingletonBeanRegistry.java:234)
	at org.springframework.beans.factory.support.AbstractBeanFactory.doGetBean(AbstractBeanFactory.java:322)
	at org.springframework.beans.factory.support.AbstractBeanFactory.getBean(AbstractBeanFactory.java:202)
	at org.springframework.beans.factory.config.DependencyDescriptor.resolveCandidate(DependencyDescriptor.java:276)
	at org.springframework.beans.factory.support.DefaultListableBeanFactory.doResolveDependency(DefaultListableBeanFactory.java:1307)
	at org.springframework.beans.factory.support.DefaultListableBeanFactory.resolveDependency(DefaultListableBeanFactory.java:1227)
	at org.springframework.beans.factory.annotation.AutowiredAnnotationBeanPostProcessor$AutowiredFieldElement.inject(AutowiredAnnotationBeanPostProcessor.java:640)
	... 20 common frames omitted
Caused by: org.springframework.beans.BeanInstantiationException: Failed to instantiate [org.apache.mina.transport.socket.nio.NioSocketAcceptorEx]: Factory method 'tcpIoAcceptor' threw exception; nested exception is java.lang.NullPointerException
	at org.springframework.beans.factory.support.SimpleInstantiationStrategy.instantiate(SimpleInstantiationStrategy.java:185)
	at org.springframework.beans.factory.support.ConstructorResolver.instantiate(ConstructorResolver.java:650)
	... 33 common frames omitted
Caused by: java.lang.NullPointerException: null
	at container.container.bean.BeanApp.getTcpIoAcceptor(BeanApp.java:30)
	at container.container.bean.TcpBean.tcpIoAcceptor(TcpBean.java:67)
	at container.container.bean.TcpBean$$EnhancerBySpringCGLIB$$2aed6aff.CGLIB$tcpIoAcceptor$0(<generated>)
	at container.container.bean.TcpBean$$EnhancerBySpringCGLIB$$2aed6aff$$FastClassBySpringCGLIB$$c9939be5.invoke(<generated>)
	at org.springframework.cglib.proxy.MethodProxy.invokeSuper(MethodProxy.java:244)
	at org.springframework.context.annotation.ConfigurationClassEnhancer$BeanMethodInterceptor.intercept(ConfigurationClassEnhancer.java:331)
	at container.container.bean.TcpBean$$EnhancerBySpringCGLIB$$2aed6aff.tcpIoAcceptor(<generated>)
	at java.base/jdk.internal.reflect.NativeMethodAccessorImpl.invoke0(Native Method)
	at java.base/jdk.internal.reflect.NativeMethodAccessorImpl.invoke(NativeMethodAccessorImpl.java:62)
	at java.base/jdk.internal.reflect.DelegatingMethodAccessorImpl.invoke(DelegatingMethodAccessorImpl.java:43)
	at java.base/java.lang.reflect.Method.invoke(Method.java:566)
	at org.springframework.beans.factory.support.SimpleInstantiationStrategy.instantiate(SimpleInstantiationStrategy.java:154)
	... 34 common frames omitted
[main] INFO c.container.ContainerApplication - Starting ContainerApplication on ll with PID 792 (/home/lick/projects/Oceanus/container/target/classes started by lick in /home/lick/projects/Oceanus)
[main] INFO c.container.ContainerApplication - No active profile set, falling back to default profiles: default
[main] INFO o.s.c.a.ConfigurationClassEnhancer - @Bean method TcpBean.customEditorConfigurer is non-static and returns an object assignable to Spring's BeanFactoryPostProcessor interface. This will result in a failure to process annotations such as @Autowired, @Resource and @PostConstruct within the method's declaring @Configuration class. Add the 'static' modifier to this method to avoid these container lifecycle issues; see @Bean javadoc for complete details.
[main] INFO org.eclipse.jetty.util.log - Logging initialized @3949ms to org.eclipse.jetty.util.log.Slf4jLog
[main] INFO o.s.b.w.e.j.JettyServletWebServerFactory - Server initialized with port: 10066
[main] INFO org.eclipse.jetty.server.Server - jetty-9.4.31.v20200723; built: 2020-07-23T17:57:36.812Z; git: 450ba27947e13e66baa8cd1ce7e85a4461cacc1d; jvm 11.0.4+10-b304.69
[main] INFO o.e.j.s.h.C.application - Initializing Spring embedded WebApplicationContext
[main] INFO o.s.b.w.s.c.ServletWebServerApplicationContext - Root WebApplicationContext: initialization completed in 2062 ms
[main] INFO org.eclipse.jetty.server.session - DefaultSessionIdManager workerName=node0
[main] INFO org.eclipse.jetty.server.session - No SessionScavenger set, using defaults
[main] INFO org.eclipse.jetty.server.session - node0 Scavenging every 660000ms
[main] INFO o.e.j.server.handler.ContextHandler - Started o.s.b.w.e.j.JettyEmbeddedWebAppContext@359750c2{application,/,[file:///tmp/jetty-docbase.11088765352513534157.10066/],AVAILABLE}
[main] INFO org.eclipse.jetty.server.Server - Started @4108ms
[main] WARN o.s.b.w.s.c.AnnotationConfigServletWebServerApplicationContext - Exception encountered during context initialization - cancelling refresh attempt: org.springframework.beans.factory.UnsatisfiedDependencyException: Error creating bean with name 'initContainer': Unsatisfied dependency expressed through field 'tcpIoAcceptor'; nested exception is org.springframework.beans.factory.BeanCreationException: Error creating bean with name 'tcpIoAcceptor' defined in class path resource [container/container/bean/TcpBean.class]: Bean instantiation via factory method failed; nested exception is org.springframework.beans.BeanInstantiationException: Failed to instantiate [org.apache.mina.transport.socket.nio.NioSocketAcceptorEx]: Factory method 'tcpIoAcceptor' threw exception; nested exception is java.lang.NullPointerException
[main] INFO org.eclipse.jetty.server.session - node0 Stopped scavenging
[main] INFO o.e.j.server.handler.ContextHandler - Stopped o.s.b.w.e.j.JettyEmbeddedWebAppContext@359750c2{application,/,[file:///tmp/jetty-docbase.11088765352513534157.10066/],UNAVAILABLE}
[main] ERROR o.s.boot.SpringApplication - Application run failed
org.springframework.beans.factory.UnsatisfiedDependencyException: Error creating bean with name 'initContainer': Unsatisfied dependency expressed through field 'tcpIoAcceptor'; nested exception is org.springframework.beans.factory.BeanCreationException: Error creating bean with name 'tcpIoAcceptor' defined in class path resource [container/container/bean/TcpBean.class]: Bean instantiation via factory method failed; nested exception is org.springframework.beans.BeanInstantiationException: Failed to instantiate [org.apache.mina.transport.socket.nio.NioSocketAcceptorEx]: Factory method 'tcpIoAcceptor' threw exception; nested exception is java.lang.NullPointerException
	at org.springframework.beans.factory.annotation.AutowiredAnnotationBeanPostProcessor$AutowiredFieldElement.inject(AutowiredAnnotationBeanPostProcessor.java:643)
	at org.springframework.beans.factory.annotation.InjectionMetadata.inject(InjectionMetadata.java:130)
	at org.springframework.beans.factory.annotation.AutowiredAnnotationBeanPostProcessor.postProcessProperties(AutowiredAnnotationBeanPostProcessor.java:399)
	at org.springframework.beans.factory.support.AbstractAutowireCapableBeanFactory.populateBean(AbstractAutowireCapableBeanFactory.java:1420)
	at org.springframework.beans.factory.support.AbstractAutowireCapableBeanFactory.doCreateBean(AbstractAutowireCapableBeanFactory.java:593)
	at org.springframework.beans.factory.support.AbstractAutowireCapableBeanFactory.createBean(AbstractAutowireCapableBeanFactory.java:516)
	at org.springframework.beans.factory.support.AbstractBeanFactory.lambda$doGetBean$0(AbstractBeanFactory.java:324)
	at org.springframework.beans.factory.support.DefaultSingletonBeanRegistry.getSingleton(DefaultSingletonBeanRegistry.java:234)
	at org.springframework.beans.factory.support.AbstractBeanFactory.doGetBean(AbstractBeanFactory.java:322)
	at org.springframework.beans.factory.support.AbstractBeanFactory.getBean(AbstractBeanFactory.java:202)
	at org.springframework.beans.factory.support.DefaultListableBeanFactory.preInstantiateSingletons(DefaultListableBeanFactory.java:897)
	at org.springframework.context.support.AbstractApplicationContext.finishBeanFactoryInitialization(AbstractApplicationContext.java:879)
	at org.springframework.context.support.AbstractApplicationContext.refresh(AbstractApplicationContext.java:551)
	at org.springframework.boot.web.servlet.context.ServletWebServerApplicationContext.refresh(ServletWebServerApplicationContext.java:143)
	at org.springframework.boot.SpringApplication.refresh(SpringApplication.java:758)
	at org.springframework.boot.SpringApplication.refresh(SpringApplication.java:750)
	at org.springframework.boot.SpringApplication.refreshContext(SpringApplication.java:397)
	at org.springframework.boot.SpringApplication.run(SpringApplication.java:315)
	at org.springframework.boot.SpringApplication.run(SpringApplication.java:1237)
	at org.springframework.boot.SpringApplication.run(SpringApplication.java:1226)
	at container.container.ContainerApplication.main(ContainerApplication.java:71)
Caused by: org.springframework.beans.factory.BeanCreationException: Error creating bean with name 'tcpIoAcceptor' defined in class path resource [container/container/bean/TcpBean.class]: Bean instantiation via factory method failed; nested exception is org.springframework.beans.BeanInstantiationException: Failed to instantiate [org.apache.mina.transport.socket.nio.NioSocketAcceptorEx]: Factory method 'tcpIoAcceptor' threw exception; nested exception is java.lang.NullPointerException
	at org.springframework.beans.factory.support.ConstructorResolver.instantiate(ConstructorResolver.java:655)
	at org.springframework.beans.factory.support.ConstructorResolver.instantiateUsingFactoryMethod(ConstructorResolver.java:483)
	at org.springframework.beans.factory.support.AbstractAutowireCapableBeanFactory.instantiateUsingFactoryMethod(AbstractAutowireCapableBeanFactory.java:1336)
	at org.springframework.beans.factory.support.AbstractAutowireCapableBeanFactory.createBeanInstance(AbstractAutowireCapableBeanFactory.java:1176)
	at org.springframework.beans.factory.support.AbstractAutowireCapableBeanFactory.doCreateBean(AbstractAutowireCapableBeanFactory.java:556)
	at org.springframework.beans.factory.support.AbstractAutowireCapableBeanFactory.createBean(AbstractAutowireCapableBeanFactory.java:516)
	at org.springframework.beans.factory.support.AbstractBeanFactory.lambda$doGetBean$0(AbstractBeanFactory.java:324)
	at org.springframework.beans.factory.support.DefaultSingletonBeanRegistry.getSingleton(DefaultSingletonBeanRegistry.java:234)
	at org.springframework.beans.factory.support.AbstractBeanFactory.doGetBean(AbstractBeanFactory.java:322)
	at org.springframework.beans.factory.support.AbstractBeanFactory.getBean(AbstractBeanFactory.java:202)
	at org.springframework.beans.factory.config.DependencyDescriptor.resolveCandidate(DependencyDescriptor.java:276)
	at org.springframework.beans.factory.support.DefaultListableBeanFactory.doResolveDependency(DefaultListableBeanFactory.java:1307)
	at org.springframework.beans.factory.support.DefaultListableBeanFactory.resolveDependency(DefaultListableBeanFactory.java:1227)
	at org.springframework.beans.factory.annotation.AutowiredAnnotationBeanPostProcessor$AutowiredFieldElement.inject(AutowiredAnnotationBeanPostProcessor.java:640)
	... 20 common frames omitted
Caused by: org.springframework.beans.BeanInstantiationException: Failed to instantiate [org.apache.mina.transport.socket.nio.NioSocketAcceptorEx]: Factory method 'tcpIoAcceptor' threw exception; nested exception is java.lang.NullPointerException
	at org.springframework.beans.factory.support.SimpleInstantiationStrategy.instantiate(SimpleInstantiationStrategy.java:185)
	at org.springframework.beans.factory.support.ConstructorResolver.instantiate(ConstructorResolver.java:650)
	... 33 common frames omitted
Caused by: java.lang.NullPointerException: null
	at container.container.bean.BeanApp.getTcpIoAcceptor(BeanApp.java:30)
	at container.container.bean.TcpBean.tcpIoAcceptor(TcpBean.java:67)
	at container.container.bean.TcpBean$$EnhancerBySpringCGLIB$$690ab4ba.CGLIB$tcpIoAcceptor$17(<generated>)
	at container.container.bean.TcpBean$$EnhancerBySpringCGLIB$$690ab4ba$$FastClassBySpringCGLIB$$ca9744b1.invoke(<generated>)
	at org.springframework.cglib.proxy.MethodProxy.invokeSuper(MethodProxy.java:244)
	at org.springframework.context.annotation.ConfigurationClassEnhancer$BeanMethodInterceptor.intercept(ConfigurationClassEnhancer.java:331)
	at container.container.bean.TcpBean$$EnhancerBySpringCGLIB$$690ab4ba.tcpIoAcceptor(<generated>)
	at java.base/jdk.internal.reflect.NativeMethodAccessorImpl.invoke0(Native Method)
	at java.base/jdk.internal.reflect.NativeMethodAccessorImpl.invoke(NativeMethodAccessorImpl.java:62)
	at java.base/jdk.internal.reflect.DelegatingMethodAccessorImpl.invoke(DelegatingMethodAccessorImpl.java:43)
	at java.base/java.lang.reflect.Method.invoke(Method.java:566)
	at org.springframework.beans.factory.support.SimpleInstantiationStrategy.instantiate(SimpleInstantiationStrategy.java:154)
	... 34 common frames omitted
[main] INFO c.container.ContainerApplication - Starting ContainerApplication on ll with PID 1705 (/home/lick/projects/Oceanus/container/target/classes started by lick in /home/lick/projects/Oceanus)
[main] INFO c.container.ContainerApplication - No active profile set, falling back to default profiles: default
[main] INFO o.s.c.a.ConfigurationClassEnhancer - @Bean method TcpBean.customEditorConfigurer is non-static and returns an object assignable to Spring's BeanFactoryPostProcessor interface. This will result in a failure to process annotations such as @Autowired, @Resource and @PostConstruct within the method's declaring @Configuration class. Add the 'static' modifier to this method to avoid these container lifecycle issues; see @Bean javadoc for complete details.
[main] INFO org.eclipse.jetty.util.log - Logging initialized @3845ms to org.eclipse.jetty.util.log.Slf4jLog
[main] INFO o.s.b.w.e.j.JettyServletWebServerFactory - Server initialized with port: 10066
[main] INFO org.eclipse.jetty.server.Server - jetty-9.4.31.v20200723; built: 2020-07-23T17:57:36.812Z; git: 450ba27947e13e66baa8cd1ce7e85a4461cacc1d; jvm 11.0.4+10-b304.69
[main] INFO o.e.j.s.h.C.application - Initializing Spring embedded WebApplicationContext
[main] INFO o.s.b.w.s.c.ServletWebServerApplicationContext - Root WebApplicationContext: initialization completed in 2088 ms
[main] INFO org.eclipse.jetty.server.session - DefaultSessionIdManager workerName=node0
[main] INFO org.eclipse.jetty.server.session - No SessionScavenger set, using defaults
[main] INFO org.eclipse.jetty.server.session - node0 Scavenging every 660000ms
[main] INFO o.e.j.server.handler.ContextHandler - Started o.s.b.w.e.j.JettyEmbeddedWebAppContext@498ad88a{application,/,[file:///tmp/jetty-docbase.13823068535433117952.10066/],AVAILABLE}
[main] INFO org.eclipse.jetty.server.Server - Started @4067ms
[main] INFO o.e.j.s.h.C.application - Initializing Spring DispatcherServlet 'dispatcherServlet'
[main] INFO o.s.web.servlet.DispatcherServlet - Initializing Servlet 'dispatcherServlet'
[main] INFO o.s.web.servlet.DispatcherServlet - Completed initialization in 1256 ms
[main] INFO o.e.jetty.server.AbstractConnector - Started ServerConnector@531a8675{HTTP/1.1,[http/1.1]}{0.0.0.0:10066}
[main] INFO o.s.b.w.e.jetty.JettyWebServer - Jetty started on port(s) 10066 (http/1.1) with context path '/'
[main] INFO c.container.ContainerApplication - Started ContainerApplication in 18.527 seconds (JVM running for 19.443)
[SpringContextShutdownHook] INFO o.e.jetty.server.AbstractConnector - Stopped ServerConnector@531a8675{HTTP/1.1,[http/1.1]}{0.0.0.0:10066}
[SpringContextShutdownHook] INFO org.eclipse.jetty.server.session - node0 Stopped scavenging
[SpringContextShutdownHook] INFO o.e.j.s.h.C.application - Destroying Spring FrameworkServlet 'dispatcherServlet'
[SpringContextShutdownHook] INFO o.e.j.server.handler.ContextHandler - Stopped o.s.b.w.e.j.JettyEmbeddedWebAppContext@498ad88a{application,/,[file:///tmp/jetty-docbase.13823068535433117952.10066/],UNAVAILABLE}
[SpringContextShutdownHook] WARN o.s.b.f.s.DisposableBeanAdapter - Destroy method 'shutdown' on bean with name 'redisSubscribeHandler' threw an exception: java.lang.ClassCastException: class com.docker.storage.redis.RedisListenerHandler cannot be cast to class com.docker.storage.redis.RedisSubscribeHandler (com.docker.storage.redis.RedisListenerHandler and com.docker.storage.redis.RedisSubscribeHandler are in unnamed module of loader 'app')
[SpringContextShutdownHook] INFO  - $$time:: 2020-12-31 11:13:29,352 $$tag:: OUM [I will shutdown!!!] $$env:: China
[SpringContextShutdownHook] INFO  - $$time:: 2020-12-31 11:13:29,359 $$tag:: RPCMessageSendingTask [RPCMessageSendingTask is shutting down, 0 is still left. ] $$env:: China
[SpringContextShutdownHook] INFO  - $$time:: 2020-12-31 11:13:29,360 $$tag:: OfflineMessageSavingTask [OfflineMessageSavingTask is shutting down, 0 is still left. ] $$env:: China
[SpringContextShutdownHook] INFO  - $$time:: 2020-12-31 11:13:29,361 $$tag:: OnlineServer [OnlineServer JAdaST is shutting down] $$env:: China
[SpringContextShutdownHook] WARN o.s.b.f.s.DisposableBeanAdapter - Destroy method 'shutdown' on bean with name 'onlineServer' threw an exception: java.lang.NullPointerException
[SpringContextShutdownHook] WARN o.s.b.f.s.DisposableBeanAdapter - Destroy method 'shutdown' on bean with name 'scriptManager' threw an exception: java.lang.NullPointerException
[main] INFO org.mongodb.driver.cluster - Cluster created with settings {hosts=[localhost:27017], mode=MULTIPLE, requiredClusterType=UNKNOWN, serverSelectionTimeout='30000 ms', maxWaitQueueSize=500}
[main] INFO org.mongodb.driver.cluster - Adding discovered server localhost:27017 to client view of cluster
[main] INFO  - $$time:: 2020-12-31 11:13:29,393 $$tag:: MongoClientFactory [Connected mongodb, hosts mongodb://localhost:27017] $$env:: China
[main] INFO c.container.ContainerApplication - Starting ContainerApplication on ll with PID 2479 (/home/lick/projects/Oceanus/container/target/classes started by lick in /home/lick/projects/Oceanus)
[main] INFO c.container.ContainerApplication - No active profile set, falling back to default profiles: default
[main] INFO o.s.c.a.ConfigurationClassEnhancer - @Bean method TcpBean.customEditorConfigurer is non-static and returns an object assignable to Spring's BeanFactoryPostProcessor interface. This will result in a failure to process annotations such as @Autowired, @Resource and @PostConstruct within the method's declaring @Configuration class. Add the 'static' modifier to this method to avoid these container lifecycle issues; see @Bean javadoc for complete details.
[main] INFO org.eclipse.jetty.util.log - Logging initialized @3868ms to org.eclipse.jetty.util.log.Slf4jLog
[main] INFO o.s.b.w.e.j.JettyServletWebServerFactory - Server initialized with port: 10066
[main] INFO org.eclipse.jetty.server.Server - jetty-9.4.31.v20200723; built: 2020-07-23T17:57:36.812Z; git: 450ba27947e13e66baa8cd1ce7e85a4461cacc1d; jvm 11.0.4+10-b304.69
[main] INFO o.e.j.s.h.C.application - Initializing Spring embedded WebApplicationContext
[main] INFO o.s.b.w.s.c.ServletWebServerApplicationContext - Root WebApplicationContext: initialization completed in 2108 ms
[main] INFO org.eclipse.jetty.server.session - DefaultSessionIdManager workerName=node0
[main] INFO org.eclipse.jetty.server.session - No SessionScavenger set, using defaults
[main] INFO org.eclipse.jetty.server.session - node0 Scavenging every 660000ms
[main] INFO o.e.j.server.handler.ContextHandler - Started o.s.b.w.e.j.JettyEmbeddedWebAppContext@4e7c5d8e{application,/,[file:///tmp/jetty-docbase.6684536380208640040.10066/],AVAILABLE}
[main] INFO org.eclipse.jetty.server.Server - Started @4036ms
[main] INFO c.container.ContainerApplication - Starting ContainerApplication on ll with PID 2767 (/home/lick/projects/Oceanus/container/target/classes started by lick in /home/lick/projects/Oceanus)
[main] INFO c.container.ContainerApplication - No active profile set, falling back to default profiles: default
[main] INFO o.s.c.a.ConfigurationClassEnhancer - @Bean method TcpBean.customEditorConfigurer is non-static and returns an object assignable to Spring's BeanFactoryPostProcessor interface. This will result in a failure to process annotations such as @Autowired, @Resource and @PostConstruct within the method's declaring @Configuration class. Add the 'static' modifier to this method to avoid these container lifecycle issues; see @Bean javadoc for complete details.
[main] INFO org.eclipse.jetty.util.log - Logging initialized @3691ms to org.eclipse.jetty.util.log.Slf4jLog
[main] INFO o.s.b.w.e.j.JettyServletWebServerFactory - Server initialized with port: 10066
[main] INFO org.eclipse.jetty.server.Server - jetty-9.4.31.v20200723; built: 2020-07-23T17:57:36.812Z; git: 450ba27947e13e66baa8cd1ce7e85a4461cacc1d; jvm 11.0.4+10-b304.69
[main] INFO o.e.j.s.h.C.application - Initializing Spring embedded WebApplicationContext
[main] INFO o.s.b.w.s.c.ServletWebServerApplicationContext - Root WebApplicationContext: initialization completed in 2004 ms
[main] INFO org.eclipse.jetty.server.session - DefaultSessionIdManager workerName=node0
[main] INFO org.eclipse.jetty.server.session - No SessionScavenger set, using defaults
[main] INFO org.eclipse.jetty.server.session - node0 Scavenging every 600000ms
[main] INFO o.e.j.server.handler.ContextHandler - Started o.s.b.w.e.j.JettyEmbeddedWebAppContext@388aedda{application,/,[file:///tmp/jetty-docbase.6934944786651722921.10066/],AVAILABLE}
[main] INFO org.eclipse.jetty.server.Server - Started @3833ms
[main] INFO o.e.j.s.h.C.application - Initializing Spring DispatcherServlet 'dispatcherServlet'
[main] INFO o.s.web.servlet.DispatcherServlet - Initializing Servlet 'dispatcherServlet'
[main] INFO o.s.web.servlet.DispatcherServlet - Completed initialization in 1110 ms
[main] INFO o.e.jetty.server.AbstractConnector - Started ServerConnector@6d719589{HTTP/1.1,[http/1.1]}{0.0.0.0:10066}
[main] INFO o.s.b.w.e.jetty.JettyWebServer - Jetty started on port(s) 10066 (http/1.1) with context path '/'
[main] INFO c.container.ContainerApplication - Started ContainerApplication in 7.587 seconds (JVM running for 8.363)
[main] INFO org.mongodb.driver.cluster - Cluster created with settings {hosts=[localhost:27017], mode=MULTIPLE, requiredClusterType=UNKNOWN, serverSelectionTimeout='30000 ms', maxWaitQueueSize=500}
[main] INFO org.mongodb.driver.cluster - Adding discovered server localhost:27017 to client view of cluster
[main] INFO  - $$time:: 2020-12-31 11:14:11,974 $$tag:: MongoClientFactory [Connected mongodb, hosts mongodb://localhost:27017] $$env:: China
[main] INFO org.mongodb.driver.cluster - Cluster description not yet available. Waiting for 30000 ms before timing out
[cluster-ClusterId{value='5fed42034c354e2c0404b3ee', description='null'}-localhost:27017] INFO org.mongodb.driver.connection - Opened connection [connectionId{localValue:1, serverValue:654}] to localhost:27017
[cluster-ClusterId{value='5fed42034c354e2c0404b3ee', description='null'}-localhost:27017] INFO org.mongodb.driver.cluster - Monitor thread successfully connected to server with description ServerDescription{address=localhost:27017, type=STANDALONE, state=CONNECTED, ok=true, version=ServerVersion{versionList=[4, 2, 1]}, minWireVersion=0, maxWireVersion=8, maxDocumentSize=16777216, logicalSessionTimeoutMinutes=30, roundTripTimeNanos=22895295}
[cluster-ClusterId{value='5fed42034c354e2c0404b3ee', description='null'}-localhost:27017] INFO org.mongodb.driver.cluster - Discovered cluster type of STANDALONE
[main] INFO org.mongodb.driver.connection - Opened connection [connectionId{localValue:2, serverValue:655}] to localhost:27017
[main] INFO  - $$time:: 2020-12-31 11:14:12,671 $$tag:: IPHolder [Server ip is 192.168.80.119 by ipPrefix 192.168.80 ethPrefix ] $$env:: China
[main] INFO  - $$time:: 2020-12-31 11:14:13,108 $$tag:: QuartzFactory [Initial quartz success] $$env:: China
[main] INFO org.quartz.impl.StdSchedulerFactory - Using default implementation for ThreadExecutor
[main] INFO org.quartz.simpl.SimpleThreadPool - Job execution threads will use class loader of thread: main
[main] INFO o.quartz.core.SchedulerSignalerImpl - Initialized Scheduler Signaller of type: class org.quartz.core.SchedulerSignalerImpl
[main] INFO org.quartz.core.QuartzScheduler - Quartz Scheduler v.2.3.1 created.
[main] INFO org.quartz.simpl.RAMJobStore - RAMJobStore initialized.
[main] INFO org.quartz.core.QuartzScheduler - Scheduler meta-data: Quartz Scheduler (v2.3.1) 'DefaultQuartzScheduler' with instanceId 'NON_CLUSTERED'
  Scheduler class: 'org.quartz.core.QuartzScheduler' - running locally.
  NOT STARTED.
  Currently in standby mode.
  Number of jobs executed: 0
  Using thread pool 'org.quartz.simpl.SimpleThreadPool' - with 10 threads.
  Using job-store 'org.quartz.simpl.RAMJobStore' - which does not support persistence. and is not clustered.

[main] INFO org.quartz.impl.StdSchedulerFactory - Quartz scheduler 'DefaultQuartzScheduler' initialized from default resource file in Quartz package: 'quartz.properties'
[main] INFO org.quartz.impl.StdSchedulerFactory - Quartz scheduler version: 2.3.1
[main] INFO org.quartz.core.QuartzScheduler - Scheduler DefaultQuartzScheduler_$_NON_CLUSTERED started.
[main] INFO org.quartz.core.QuartzScheduler - Scheduler DefaultQuartzScheduler_$_NON_CLUSTERED started.
[main] INFO org.quartz.core.QuartzScheduler - Scheduler DefaultQuartzScheduler_$_NON_CLUSTERED started.
[main] INFO  - $$time:: 2020-12-31 11:14:13,638 $$tag:: RMI [InetAddress host name : ll, InetAddress host address : 192.168.80.119] $$env:: China
[main] INFO  - $$time:: 2020-12-31 11:14:13,785 $$tag:: RMI [RMI server IP : 192.168.80.119 port : 4212 started! System host name : 192.168.80.119, System port : 192.168.80.119] $$env:: China
[main] INFO  - $$time:: 2020-12-31 11:14:13,786 $$tag:: RMI [InetAddress host name : ll, InetAddress host address : 192.168.80.119] $$env:: China
[main] INFO  - $$time:: 2020-12-31 11:14:13,789 $$tag:: RMI [RMI server IP : 192.168.80.119 port : 4215 started! System host name : 192.168.80.119, System port : 192.168.80.119] $$env:: China
[main] INFO org.quartz.core.QuartzScheduler - Scheduler DefaultQuartzScheduler_$_NON_CLUSTERED started.
[main] INFO org.quartz.core.QuartzScheduler - Scheduler DefaultQuartzScheduler_$_NON_CLUSTERED started.
[Normal-3-thread-1] INFO  - $$time:: 2020-12-31 11:14:22,623 $$tag:: ConfigHandler [Read service: demo_v1, merge config: {}] $$env:: China
[Normal-3-thread-1] INFO  - $$time:: 2020-12-31 11:14:22,765 $$tag:: ParseServiceHandler [Will parse path ../local/gdtestjava/demo_v1/Jar] $$env:: China
